2024-12-23T11:13:49.284Z info: Log
2024-12-23T11:13:49.287Z error: Error
2024-12-23T11:13:49.287Z warn: Warn
2024-12-23T11:13:49.288Z info: Info
2024-12-23T11:14:33.041Z info: Log
2024-12-23T11:14:33.045Z error: Error
2024-12-23T11:14:33.046Z warn: Warn
2024-12-23T11:14:33.046Z info: Info
2024-12-23T11:15:16.616Z info: Log
2024-12-23T11:15:16.619Z error: Error
2024-12-23T11:15:16.620Z warn: Warn
2024-12-23T11:15:16.620Z info: Info
2024-12-23T11:15:19.300Z info: Log
2024-12-23T11:15:19.303Z error: Error
2024-12-23T11:15:19.304Z warn: Warn
2024-12-23T11:15:19.304Z info: Info
2024-12-23T11:15:20.341Z info: Log
2024-12-23T11:15:20.344Z error: Error
2024-12-23T11:15:20.345Z warn: Warn
2024-12-23T11:15:20.345Z info: Info
2024-12-23T11:16:43.054Z info: Log
2024-12-23T11:16:43.057Z error: Error
2024-12-23T11:16:43.058Z warn: Warn
2024-12-23T11:16:43.059Z info: Info
2024-12-23T11:16:44.683Z info: Log
2024-12-23T11:16:44.686Z error: Error
2024-12-23T11:16:44.686Z warn: Warn
2024-12-23T11:16:44.687Z info: Info
2024-12-23T11:16:49.719Z info: Log
2024-12-23T11:16:49.722Z error: Error
2024-12-23T11:16:49.723Z warn: Warn
2024-12-23T11:16:49.723Z info: Info
2024-12-23T11:16:50.980Z info: Log
2024-12-23T11:16:50.983Z error: Error
2024-12-23T11:16:50.983Z warn: Warn
2024-12-23T11:16:50.984Z info: Info
2024-12-23T11:17:02.114Z error: Expected ',' or '}' after property value in JSON at position 80
2024-12-23T11:17:03.436Z info: Log
2024-12-23T11:17:03.440Z error: Error
2024-12-23T11:17:03.442Z warn: Warn
2024-12-23T11:17:03.442Z info: Info
2024-12-23T11:18:47.348Z info: Log
2024-12-23T11:18:47.350Z error: Error
2024-12-23T11:18:47.351Z warn: Warn
2024-12-23T11:18:47.351Z info: Info
2024-12-23T11:18:48.485Z info: Log
2024-12-23T11:18:48.488Z error: Error
2024-12-23T11:18:48.488Z warn: Warn
2024-12-23T11:18:48.489Z info: Info
2024-12-23T11:19:50.374Z info: Log
2024-12-23T11:19:50.377Z error: Error
2024-12-23T11:19:50.378Z warn: Warn
2024-12-23T11:19:50.378Z info: Info
2024-12-23T11:19:59.641Z info: Log
2024-12-23T11:19:59.644Z error: Error
2024-12-23T11:19:59.644Z warn: Warn
2024-12-23T11:19:59.645Z info: Info
2024-12-23T11:20:26.688Z info: Log
2024-12-23T11:20:26.691Z error: Error
2024-12-23T11:20:26.692Z warn: Warn
2024-12-23T11:20:26.692Z info: Info
2024-12-23T11:20:28.498Z info: Log
2024-12-23T11:20:28.501Z error: Error
2024-12-23T11:20:28.502Z warn: Warn
2024-12-23T11:20:28.502Z info: Info
2024-12-23T11:20:30.884Z info: Log
2024-12-23T11:20:30.887Z error: Error
2024-12-23T11:20:30.887Z warn: Warn
2024-12-23T11:20:30.887Z info: Info
2024-12-23T11:20:37.949Z info: Log
2024-12-23T11:20:37.951Z error: Error
2024-12-23T11:20:37.952Z warn: Warn
2024-12-23T11:20:37.952Z info: Info
2024-12-23T11:21:10.064Z info: Log
2024-12-23T11:21:10.067Z error: Error
2024-12-23T11:21:10.068Z warn: Warn
2024-12-23T11:21:10.068Z info: Info
2024-12-23T11:21:12.007Z info: Log
2024-12-23T11:21:12.010Z error: Error
2024-12-23T11:21:12.011Z warn: Warn
2024-12-23T11:21:12.011Z info: Info
2024-12-23T11:21:22.888Z info: Log
2024-12-23T11:21:22.891Z error: Error
2024-12-23T11:21:22.892Z warn: Warn
2024-12-23T11:21:22.892Z info: Info
2024-12-23T11:21:24.915Z info: Log
2024-12-23T11:21:24.918Z error: Error
2024-12-23T11:21:24.918Z warn: Warn
2024-12-23T11:21:24.918Z info: Info
2024-12-23T11:21:26.775Z info: Log
2024-12-23T11:21:26.779Z error: Error
2024-12-23T11:21:26.780Z warn: Warn
2024-12-23T11:21:26.780Z info: Info
2024-12-23T11:21:58.670Z error: unhandledRejection: unhandledRejection example
Error: unhandledRejection example
    at C:\Users\admin\Desktop\Node js\ITINFO\controllers\author.controller.js:96:14
    at new Promise (<anonymous>)
    at loginAuthor (C:\Users\admin\Desktop\Node js\ITINFO\controllers\author.controller.js:95:5)
    at process.processTicksAndRejections (node:internal/process/task_queues:95:5)
2024-12-23T11:28:59.200Z info: Log
2024-12-23T11:28:59.204Z error: Error
2024-12-23T11:28:59.205Z warn: Warn
2024-12-23T11:28:59.205Z info: Info
2024-12-23T11:29:25.509Z info: Log
2024-12-23T11:29:25.512Z error: Error
2024-12-23T11:29:25.512Z warn: Warn
2024-12-23T11:29:25.513Z info: Info
2024-12-23T11:29:33.252Z info: Log
2024-12-23T11:29:33.255Z error: Error
2024-12-23T11:29:33.255Z warn: Warn
2024-12-23T11:29:33.256Z info: Info
2024-12-23T11:32:04.675Z info: Log
2024-12-23T11:32:04.678Z error: Error
2024-12-23T11:32:04.679Z warn: Warn
2024-12-23T11:32:04.679Z info: Info
2024-12-23T11:33:36.175Z info: Log
2024-12-23T11:33:36.178Z error: Error
2024-12-23T11:33:36.179Z warn: Warn
2024-12-23T11:33:36.179Z info: Info
2024-12-23T11:43:45.627Z info: Log
2024-12-23T11:43:45.630Z error: Error
2024-12-23T11:43:45.631Z warn: Warn
2024-12-23T11:43:45.631Z info: Info
2024-12-23T11:44:42.557Z info: Log
2024-12-23T11:44:42.560Z error: Error
2024-12-23T11:44:42.561Z warn: Warn
2024-12-23T11:44:42.561Z info: Info
2024-12-23T11:48:00.885Z info: Log
2024-12-23T11:48:00.888Z error: Error
2024-12-23T11:48:00.889Z warn: Warn
2024-12-23T11:48:00.889Z info: Info
2024-12-23T11:48:02.866Z info: Log
2024-12-23T11:48:02.869Z error: Error
2024-12-23T11:48:02.870Z warn: Warn
2024-12-23T11:48:02.870Z info: Info
2024-12-23T11:48:05.046Z info: Log
2024-12-23T11:48:05.049Z error: Error
2024-12-23T11:48:05.049Z warn: Warn
2024-12-23T11:48:05.050Z info: Info
2024-12-23T11:48:12.834Z info: Log
2024-12-23T11:48:12.837Z error: Error
2024-12-23T11:48:12.837Z warn: Warn
2024-12-23T11:48:12.838Z info: Info
2024-12-23T11:48:20.300Z error: Expected ',' or '}' after property value in JSON at position 39
2024-12-23T11:52:36.379Z info: Log
2024-12-23T11:52:36.382Z error: Error
2024-12-23T11:52:36.383Z warn: Warn
2024-12-23T11:52:36.383Z info: Info
2024-12-23T11:52:37.556Z info: Log
2024-12-23T11:52:37.559Z error: Error
2024-12-23T11:52:37.559Z warn: Warn
2024-12-23T11:52:37.560Z info: Info
2024-12-23T12:11:22.327Z info: Log
2024-12-23T12:11:22.329Z error: Error
2024-12-23T12:11:22.330Z warn: Warn
2024-12-23T12:11:22.330Z info: Info
2024-12-23T12:11:23.676Z info: Log
2024-12-23T12:11:23.679Z error: Error
2024-12-23T12:11:23.680Z warn: Warn
2024-12-23T12:11:23.680Z info: Info
2024-12-23T12:46:19.319Z info: Log
2024-12-23T12:46:19.322Z error: Error
2024-12-23T12:46:19.323Z warn: Warn
2024-12-23T12:46:19.323Z info: Info
2024-12-23T12:46:21.059Z info: Log
2024-12-23T12:46:21.062Z error: Error
2024-12-23T12:46:21.063Z warn: Warn
2024-12-23T12:46:21.063Z info: Info
2024-12-24T03:34:18.281Z info: Log
2024-12-24T03:34:18.285Z error: Error
2024-12-24T03:34:18.286Z warn: Warn
2024-12-24T03:34:18.286Z info: Info
2024-12-24T03:34:20.237Z info: Log
2024-12-24T03:34:20.240Z error: Error
2024-12-24T03:34:20.241Z warn: Warn
2024-12-24T03:34:20.241Z info: Info
2024-12-24T10:23:05.971Z error: Failed to lookup view "C:\Users\admin\Desktop\Node js\ITINFO\views\author.hbs" in views directory "./views"
2024-12-24T10:23:12.799Z error: Failed to lookup view "C:\Users\admin\Desktop\Node js\ITINFO\views\author.hbs" in views directory "./views"
2024-12-24T17:43:54.282Z error: read ECONNRESET
2024-12-24T17:43:54.288Z error: unhandledRejection: rr is not defined
ReferenceError: rr is not defined
    at getAllTerms (C:\Users\admin\Desktop\Node js\ITINFO\controllers\dictionary.controller.js:12:34)
    at process.processTicksAndRejections (node:internal/process/task_queues:95:5)
